# JRE version: OpenJDK Runtime Environment (17.0.10) (build 17.0.10+0-17.0.10b1087.21-11609105)
# Java VM: OpenJDK 64-Bit Server VM (17.0.10+0-17.0.10b1087.21-11609105, mixed mode, tiered, compressed oops, compressed class ptrs, g1 gc, linux-amd64)
GC Precious Log:
 CPUs: 4 total, 4 available
 Memory: 7822M
 Large Page Support: Disabled
 NUMA Support: Disabled
 Compressed Oops: Enabled (32-bit)
 Heap Region Size: 1M
 Heap Min Capacity: 8M
 Heap Initial Capacity: 124M
 Heap Max Capacity: 1956M
 Pre-touch: Disabled
 Parallel Workers: 4
 Concurrent Workers: 1
 Concurrent Refinement Workers: 4
 Periodic GC: Disabled
Heap:
 garbage-first heap   total 61440K, used 45419K [0x0000000085c00000, 0x0000000100000000)
  region size 1024K, 26 young (26624K), 3 survivors (3072K)
 Metaspace       used 46699K, committed 46912K, reserved 1114112K
  class space    used 5759K, committed 5824K, reserved 1048576K
GC Heap History (18 events):
Event: 0.508 GC heap before
{Heap before GC invocations=0 (full 0):
 garbage-first heap   total 126976K, used 17408K [0x0000000085c00000, 0x0000000100000000)
  region size 1024K, 13 young (13312K), 0 survivors (0K)
 Metaspace       used 11294K, committed 11392K, reserved 1114112K
  class space    used 1010K, committed 1024K, reserved 1048576K
}
Event: 0.513 GC heap after
{Heap after GC invocations=1 (full 0):
 garbage-first heap   total 126976K, used 6570K [0x0000000085c00000, 0x0000000100000000)
  region size 1024K, 2 young (2048K), 2 survivors (2048K)
 Metaspace       used 11294K, committed 11392K, reserved 1114112K
  class space    used 1010K, committed 1024K, reserved 1048576K
}
Event: 0.845 GC heap before
{Heap before GC invocations=1 (full 0):
 garbage-first heap   total 126976K, used 21930K [0x0000000085c00000, 0x0000000100000000)
  region size 1024K, 18 young (18432K), 2 survivors (2048K)
 Metaspace       used 15361K, committed 15488K, reserved 1114112K
  class space    used 1563K, committed 1664K, reserved 1048576K
}
Event: 0.855 GC heap after
{Heap after GC invocations=2 (full 0):
 garbage-first heap   total 126976K, used 8013K [0x0000000085c00000, 0x0000000100000000)
  region size 1024K, 2 young (2048K), 2 survivors (2048K)
 Metaspace       used 15361K, committed 15488K, reserved 1114112K
  class space    used 1563K, committed 1664K, reserved 1048576K
}
Event: 1.456 GC heap before
{Heap before GC invocations=2 (full 0):
 garbage-first heap   total 126976K, used 31565K [0x0000000085c00000, 0x0000000100000000)
  region size 1024K, 26 young (26624K), 2 survivors (2048K)
 Metaspace       used 21392K, committed 21504K, reserved 1114112K
  class space    used 2350K, committed 2432K, reserved 1048576K
}
Event: 1.468 GC heap after
{Heap after GC invocations=3 (full 0):
 garbage-first heap   total 126976K, used 10423K [0x0000000085c00000, 0x0000000100000000)
  region size 1024K, 4 young (4096K), 4 survivors (4096K)
 Metaspace       used 21392K, committed 21504K, reserved 1114112K
  class space    used 2350K, committed 2432K, reserved 1048576K
}
Event: 1.905 GC heap before
{Heap before GC invocations=4 (full 0):
 garbage-first heap   total 40960K, used 30903K [0x0000000085c00000, 0x0000000100000000)
  region size 1024K, 24 young (24576K), 4 survivors (4096K)
 Metaspace       used 27836K, committed 28096K, reserved 1114112K
  class space    used 3249K, committed 3392K, reserved 1048576K
}
Event: 1.914 GC heap after
{Heap after GC invocations=5 (full 0):
 garbage-first heap   total 40960K, used 11266K [0x0000000085c00000, 0x0000000100000000)
  region size 1024K, 1 young (1024K), 1 survivors (1024K)
 Metaspace       used 27836K, committed 28096K, reserved 1114112K
  class space    used 3249K, committed 3392K, reserved 1048576K
}
Event: 1.940 GC heap before
{Heap before GC invocations=5 (full 0):
 garbage-first heap   total 40960K, used 12290K [0x0000000085c00000, 0x0000000100000000)
  region size 1024K, 2 young (2048K), 1 survivors (1024K)
 Metaspace       used 28335K, committed 28544K, reserved 1114112K
  class space    used 3424K, committed 3520K, reserved 1048576K
}
Event: 1.943 GC heap after
{Heap after GC invocations=6 (full 0):
 garbage-first heap   total 40960K, used 11562K [0x0000000085c00000, 0x0000000100000000)
  region size 1024K, 1 young (1024K), 1 survivors (1024K)
 Metaspace       used 28335K, committed 28544K, reserved 1114112K
  class space    used 3424K, committed 3520K, reserved 1048576K
}
Event: 2.178 GC heap before
{Heap before GC invocations=6 (full 0):
 garbage-first heap   total 40960K, used 31018K [0x0000000085c00000, 0x0000000100000000)
  region size 1024K, 18 young (18432K), 1 survivors (1024K)
 Metaspace       used 29635K, committed 29888K, reserved 1114112K
  class space    used 3673K, committed 3776K, reserved 1048576K
}
Event: 2.191 GC heap after
{Heap after GC invocations=7 (full 0):
 garbage-first heap   total 61440K, used 18189K [0x0000000085c00000, 0x0000000100000000)
  region size 1024K, 3 young (3072K), 3 survivors (3072K)
 Metaspace       used 29635K, committed 29888K, reserved 1114112K
  class space    used 3673K, committed 3776K, reserved 1048576K
}
Event: 2.659 GC heap before
{Heap before GC invocations=7 (full 0):
 garbage-first heap   total 61440K, used 41741K [0x0000000085c00000, 0x0000000100000000)
  region size 1024K, 27 young (27648K), 3 survivors (3072K)
 Metaspace       used 35719K, committed 35904K, reserved 1114112K
  class space    used 4572K, committed 4672K, reserved 1048576K
}
Event: 2.673 GC heap after
{Heap after GC invocations=8 (full 0):
 garbage-first heap   total 61440K, used 18841K [0x0000000085c00000, 0x0000000100000000)
  region size 1024K, 3 young (3072K), 3 survivors (3072K)
 Metaspace       used 35719K, committed 35904K, reserved 1114112K
  class space    used 4572K, committed 4672K, reserved 1048576K
}
Event: 2.685 GC heap before
{Heap before GC invocations=8 (full 0):
 garbage-first heap   total 61440K, used 19865K [0x0000000085c00000, 0x0000000100000000)
  region size 1024K, 5 young (5120K), 3 survivors (3072K)
 Metaspace       used 35970K, committed 36096K, reserved 1114112K
  class space    used 4597K, committed 4672K, reserved 1048576K
}
Event: 2.693 GC heap after
{Heap after GC invocations=9 (full 0):
 garbage-first heap   total 61440K, used 19168K [0x0000000085c00000, 0x0000000100000000)
  region size 1024K, 1 young (1024K), 1 survivors (1024K)
 Metaspace       used 35970K, committed 36096K, reserved 1114112K
  class space    used 4597K, committed 4672K, reserved 1048576K
}
Event: 3.089 GC heap before
{Heap before GC invocations=10 (full 0):
 garbage-first heap   total 61440K, used 43744K [0x0000000085c00000, 0x0000000100000000)
  region size 1024K, 26 young (26624K), 1 survivors (1024K)
 Metaspace       used 40822K, committed 41024K, reserved 1114112K
  class space    used 5043K, committed 5120K, reserved 1048576K
}
Event: 3.098 GC heap after
{Heap after GC invocations=11 (full 0):
 garbage-first heap   total 61440K, used 21867K [0x0000000085c00000, 0x0000000100000000)
  region size 1024K, 4 young (4096K), 4 survivors (4096K)
 Metaspace       used 40822K, committed 41024K, reserved 1114112K
  class space    used 5043K, committed 5120K, reserved 1048576K
}

