# JRE version: OpenJDK Runtime Environment (17.0.10) (build 17.0.10+0-17.0.10b1087.21-11609105)
# Java VM: OpenJDK 64-Bit Server VM (17.0.10+0-17.0.10b1087.21-11609105, mixed mode, tiered, compressed oops, compressed class ptrs, g1 gc, linux-amd64)
GC Precious Log:
 CPUs: 4 total, 4 available
 Memory: 7822M
 Large Page Support: Disabled
 NUMA Support: Disabled
 Compressed Oops: Enabled (32-bit)
 Heap Region Size: 1M
 Heap Min Capacity: 8M
 Heap Initial Capacity: 124M
 Heap Max Capacity: 1956M
 Pre-touch: Disabled
 Parallel Workers: 4
 Concurrent Workers: 1
 Concurrent Refinement Workers: 4
 Periodic GC: Disabled
Heap:
 garbage-first heap   total 64512K, used 36434K [0x0000000085c00000, 0x0000000100000000)
  region size 1024K, 13 young (13312K), 4 survivors (4096K)
 Metaspace       used 48018K, committed 48192K, reserved 1114112K
  class space    used 5900K, committed 5952K, reserved 1048576K
GC Heap History (20 events):
Event: 1.264 GC heap before
{Heap before GC invocations=1 (full 0):
 garbage-first heap   total 126976K, used 21760K [0x0000000085c00000, 0x0000000100000000)
  region size 1024K, 18 young (18432K), 2 survivors (2048K)
 Metaspace       used 15367K, committed 15488K, reserved 1114112K
  class space    used 1563K, committed 1664K, reserved 1048576K
}
Event: 1.277 GC heap after
{Heap after GC invocations=2 (full 0):
 garbage-first heap   total 126976K, used 7921K [0x0000000085c00000, 0x0000000100000000)
  region size 1024K, 2 young (2048K), 2 survivors (2048K)
 Metaspace       used 15367K, committed 15488K, reserved 1114112K
  class space    used 1563K, committed 1664K, reserved 1048576K
}
Event: 2.094 GC heap before
{Heap before GC invocations=2 (full 0):
 garbage-first heap   total 126976K, used 31473K [0x0000000085c00000, 0x0000000100000000)
  region size 1024K, 26 young (26624K), 2 survivors (2048K)
 Metaspace       used 21382K, committed 21504K, reserved 1114112K
  class space    used 2349K, committed 2432K, reserved 1048576K
}
Event: 2.108 GC heap after
{Heap after GC invocations=3 (full 0):
 garbage-first heap   total 126976K, used 10390K [0x0000000085c00000, 0x0000000100000000)
  region size 1024K, 4 young (4096K), 4 survivors (4096K)
 Metaspace       used 21382K, committed 21504K, reserved 1114112K
  class space    used 2349K, committed 2432K, reserved 1048576K
}
Event: 2.725 GC heap before
{Heap before GC invocations=4 (full 0):
 garbage-first heap   total 40960K, used 30870K [0x0000000085c00000, 0x0000000100000000)
  region size 1024K, 24 young (24576K), 4 survivors (4096K)
 Metaspace       used 27809K, committed 28096K, reserved 1114112K
  class space    used 3247K, committed 3392K, reserved 1048576K
}
Event: 2.740 GC heap after
{Heap after GC invocations=5 (full 0):
 garbage-first heap   total 40960K, used 11197K [0x0000000085c00000, 0x0000000100000000)
  region size 1024K, 1 young (1024K), 1 survivors (1024K)
 Metaspace       used 27809K, committed 28096K, reserved 1114112K
  class space    used 3247K, committed 3392K, reserved 1048576K
}
Event: 2.780 GC heap before
{Heap before GC invocations=5 (full 0):
 garbage-first heap   total 40960K, used 11197K [0x0000000085c00000, 0x0000000100000000)
  region size 1024K, 2 young (2048K), 1 survivors (1024K)
 Metaspace       used 28303K, committed 28544K, reserved 1114112K
  class space    used 3420K, committed 3520K, reserved 1048576K
}
Event: 2.786 GC heap after
{Heap after GC invocations=6 (full 0):
 garbage-first heap   total 40960K, used 11412K [0x0000000085c00000, 0x0000000100000000)
  region size 1024K, 1 young (1024K), 1 survivors (1024K)
 Metaspace       used 28303K, committed 28544K, reserved 1114112K
  class space    used 3420K, committed 3520K, reserved 1048576K
}
Event: 3.073 GC heap before
{Heap before GC invocations=6 (full 0):
 garbage-first heap   total 40960K, used 30868K [0x0000000085c00000, 0x0000000100000000)
  region size 1024K, 18 young (18432K), 1 survivors (1024K)
 Metaspace       used 29617K, committed 29888K, reserved 1114112K
  class space    used 3671K, committed 3776K, reserved 1048576K
}
Event: 3.087 GC heap after
{Heap after GC invocations=7 (full 0):
 garbage-first heap   total 40960K, used 18018K [0x0000000085c00000, 0x0000000100000000)
  region size 1024K, 3 young (3072K), 3 survivors (3072K)
 Metaspace       used 29617K, committed 29888K, reserved 1114112K
  class space    used 3671K, committed 3776K, reserved 1048576K
}
Event: 3.304 GC heap before
{Heap before GC invocations=7 (full 0):
 garbage-first heap   total 40960K, used 29282K [0x0000000085c00000, 0x0000000100000000)
  region size 1024K, 14 young (14336K), 3 survivors (3072K)
 Metaspace       used 33021K, committed 33216K, reserved 1114112K
  class space    used 4269K, committed 4352K, reserved 1048576K
}
Event: 3.317 GC heap after
{Heap after GC invocations=8 (full 0):
 garbage-first heap   total 64512K, used 19307K [0x0000000085c00000, 0x0000000100000000)
  region size 1024K, 2 young (2048K), 2 survivors (2048K)
 Metaspace       used 33021K, committed 33216K, reserved 1114112K
  class space    used 4269K, committed 4352K, reserved 1048576K
}
Event: 3.615 GC heap before
{Heap before GC invocations=8 (full 0):
 garbage-first heap   total 64512K, used 33643K [0x0000000085c00000, 0x0000000100000000)
  region size 1024K, 17 young (17408K), 2 survivors (2048K)
 Metaspace       used 35997K, committed 36160K, reserved 1114112K
  class space    used 4604K, committed 4672K, reserved 1048576K
}
Event: 3.626 GC heap after
{Heap after GC invocations=9 (full 0):
 garbage-first heap   total 64512K, used 18945K [0x0000000085c00000, 0x0000000100000000)
  region size 1024K, 3 young (3072K), 3 survivors (3072K)
 Metaspace       used 35997K, committed 36160K, reserved 1114112K
  class space    used 4604K, committed 4672K, reserved 1048576K
}
Event: 4.233 GC heap before
{Heap before GC invocations=10 (full 0):
 garbage-first heap   total 64512K, used 42497K [0x0000000085c00000, 0x0000000100000000)
  region size 1024K, 27 young (27648K), 3 survivors (3072K)
 Metaspace       used 40782K, committed 40960K, reserved 1114112K
  class space    used 5042K, committed 5120K, reserved 1048576K
}
Event: 4.247 GC heap after
{Heap after GC invocations=11 (full 0):
 garbage-first heap   total 64512K, used 21743K [0x0000000085c00000, 0x0000000100000000)
  region size 1024K, 4 young (4096K), 4 survivors (4096K)
 Metaspace       used 40782K, committed 40960K, reserved 1114112K
  class space    used 5042K, committed 5120K, reserved 1048576K
}
Event: 4.930 GC heap before
{Heap before GC invocations=11 (full 0):
 garbage-first heap   total 64512K, used 43247K [0x0000000085c00000, 0x0000000100000000)
  region size 1024K, 26 young (26624K), 4 survivors (4096K)
 Metaspace       used 46261K, committed 46528K, reserved 1114112K
  class space    used 5691K, committed 5824K, reserved 1048576K
}
Event: 4.947 GC heap after
{Heap after GC invocations=12 (full 0):
 garbage-first heap   total 64512K, used 23474K [0x0000000085c00000, 0x0000000100000000)
  region size 1024K, 2 young (2048K), 2 survivors (2048K)
 Metaspace       used 46261K, committed 46528K, reserved 1114112K
  class space    used 5691K, committed 5824K, reserved 1048576K
}
Event: 5.350 GC heap before
{Heap before GC invocations=12 (full 0):
 garbage-first heap   total 64512K, used 50098K [0x0000000085c00000, 0x0000000100000000)
  region size 1024K, 25 young (25600K), 2 survivors (2048K)
 Metaspace       used 48013K, committed 48192K, reserved 1114112K
  class space    used 5900K, committed 5952K, reserved 1048576K
}
Event: 5.361 GC heap after
{Heap after GC invocations=13 (full 0):
 garbage-first heap   total 64512K, used 28242K [0x0000000085c00000, 0x0000000100000000)
  region size 1024K, 4 young (4096K), 4 survivors (4096K)
 Metaspace       used 48013K, committed 48192K, reserved 1114112K
  class space    used 5900K, committed 5952K, reserved 1048576K
}

