# JRE version: OpenJDK Runtime Environment (17.0.10) (build 17.0.10+0-17.0.10b1087.21-11609105)
# Java VM: OpenJDK 64-Bit Server VM (17.0.10+0-17.0.10b1087.21-11609105, mixed mode, tiered, compressed oops, compressed class ptrs, g1 gc, linux-amd64)
GC Precious Log:
 CPUs: 4 total, 4 available
 Memory: 7822M
 Large Page Support: Disabled
 NUMA Support: Disabled
 Compressed Oops: Enabled (32-bit)
 Heap Region Size: 1M
 Heap Min Capacity: 8M
 Heap Initial Capacity: 124M
 Heap Max Capacity: 1956M
 Pre-touch: Disabled
 Parallel Workers: 4
 Concurrent Workers: 1
 Concurrent Refinement Workers: 4
 Periodic GC: Disabled
Heap:
 garbage-first heap   total 49152K, used 19833K [0x0000000085c00000, 0x0000000100000000)
  region size 1024K, 3 young (3072K), 1 survivors (1024K)
 Metaspace       used 36199K, committed 36416K, reserved 1114112K
  class space    used 4624K, committed 4736K, reserved 1048576K
GC Heap History (16 events):
Event: 0.483 GC heap before
{Heap before GC invocations=0 (full 0):
 garbage-first heap   total 126976K, used 17408K [0x0000000085c00000, 0x0000000100000000)
  region size 1024K, 13 young (13312K), 0 survivors (0K)
 Metaspace       used 11290K, committed 11392K, reserved 1114112K
  class space    used 1010K, committed 1024K, reserved 1048576K
}
Event: 0.489 GC heap after
{Heap after GC invocations=1 (full 0):
 garbage-first heap   total 126976K, used 6352K [0x0000000085c00000, 0x0000000100000000)
  region size 1024K, 2 young (2048K), 2 survivors (2048K)
 Metaspace       used 11290K, committed 11392K, reserved 1114112K
  class space    used 1010K, committed 1024K, reserved 1048576K
}
Event: 0.842 GC heap before
{Heap before GC invocations=1 (full 0):
 garbage-first heap   total 126976K, used 21712K [0x0000000085c00000, 0x0000000100000000)
  region size 1024K, 18 young (18432K), 2 survivors (2048K)
 Metaspace       used 15372K, committed 15552K, reserved 1114112K
  class space    used 1563K, committed 1664K, reserved 1048576K
}
Event: 0.849 GC heap after
{Heap after GC invocations=2 (full 0):
 garbage-first heap   total 126976K, used 8074K [0x0000000085c00000, 0x0000000100000000)
  region size 1024K, 2 young (2048K), 2 survivors (2048K)
 Metaspace       used 15372K, committed 15552K, reserved 1114112K
  class space    used 1563K, committed 1664K, reserved 1048576K
}
Event: 1.388 GC heap before
{Heap before GC invocations=2 (full 0):
 garbage-first heap   total 126976K, used 31626K [0x0000000085c00000, 0x0000000100000000)
  region size 1024K, 26 young (26624K), 2 survivors (2048K)
 Metaspace       used 21395K, committed 21504K, reserved 1114112K
  class space    used 2348K, committed 2432K, reserved 1048576K
}
Event: 1.398 GC heap after
{Heap after GC invocations=3 (full 0):
 garbage-first heap   total 126976K, used 10519K [0x0000000085c00000, 0x0000000100000000)
  region size 1024K, 4 young (4096K), 4 survivors (4096K)
 Metaspace       used 21395K, committed 21504K, reserved 1114112K
  class space    used 2348K, committed 2432K, reserved 1048576K
}
Event: 1.832 GC heap before
{Heap before GC invocations=4 (full 0):
 garbage-first heap   total 40960K, used 30999K [0x0000000085c00000, 0x0000000100000000)
  region size 1024K, 24 young (24576K), 4 survivors (4096K)
 Metaspace       used 27843K, committed 28096K, reserved 1114112K
  class space    used 3242K, committed 3392K, reserved 1048576K
}
Event: 1.843 GC heap after
{Heap after GC invocations=5 (full 0):
 garbage-first heap   total 40960K, used 11284K [0x0000000085c00000, 0x0000000100000000)
  region size 1024K, 1 young (1024K), 1 survivors (1024K)
 Metaspace       used 27843K, committed 28096K, reserved 1114112K
  class space    used 3242K, committed 3392K, reserved 1048576K
}
Event: 1.869 GC heap before
{Heap before GC invocations=5 (full 0):
 garbage-first heap   total 40960K, used 12308K [0x0000000085c00000, 0x0000000100000000)
  region size 1024K, 2 young (2048K), 1 survivors (1024K)
 Metaspace       used 28350K, committed 28544K, reserved 1114112K
  class space    used 3422K, committed 3520K, reserved 1048576K
}
Event: 1.874 GC heap after
{Heap after GC invocations=6 (full 0):
 garbage-first heap   total 49152K, used 11562K [0x0000000085c00000, 0x0000000100000000)
  region size 1024K, 1 young (1024K), 1 survivors (1024K)
 Metaspace       used 28350K, committed 28544K, reserved 1114112K
  class space    used 3422K, committed 3520K, reserved 1048576K
}
Event: 2.288 GC heap before
{Heap before GC invocations=6 (full 0):
 garbage-first heap   total 49152K, used 36138K [0x0000000085c00000, 0x0000000100000000)
  region size 1024K, 23 young (23552K), 1 survivors (1024K)
 Metaspace       used 31091K, committed 31296K, reserved 1114112K
  class space    used 4034K, committed 4160K, reserved 1048576K
}
Event: 2.298 GC heap after
{Heap after GC invocations=7 (full 0):
 garbage-first heap   total 49152K, used 18432K [0x0000000085c00000, 0x0000000100000000)
  region size 1024K, 3 young (3072K), 3 survivors (3072K)
 Metaspace       used 31091K, committed 31296K, reserved 1114112K
  class space    used 4034K, committed 4160K, reserved 1048576K
}
Event: 2.611 GC heap before
{Heap before GC invocations=7 (full 0):
 garbage-first heap   total 49152K, used 35840K [0x0000000085c00000, 0x0000000100000000)
  region size 1024K, 20 young (20480K), 3 survivors (3072K)
 Metaspace       used 35271K, committed 35456K, reserved 1114112K
  class space    used 4511K, committed 4608K, reserved 1048576K
}
Event: 2.619 GC heap after
{Heap after GC invocations=8 (full 0):
 garbage-first heap   total 49152K, used 18311K [0x0000000085c00000, 0x0000000100000000)
  region size 1024K, 2 young (2048K), 2 survivors (2048K)
 Metaspace       used 35271K, committed 35456K, reserved 1114112K
  class space    used 4511K, committed 4608K, reserved 1048576K
}
Event: 2.661 GC heap before
{Heap before GC invocations=8 (full 0):
 garbage-first heap   total 49152K, used 21383K [0x0000000085c00000, 0x0000000100000000)
  region size 1024K, 6 young (6144K), 2 survivors (2048K)
 Metaspace       used 35973K, committed 36160K, reserved 1114112K
  class space    used 4595K, committed 4672K, reserved 1048576K
}
Event: 2.664 GC heap after
{Heap after GC invocations=9 (full 0):
 garbage-first heap   total 49152K, used 18809K [0x0000000085c00000, 0x0000000100000000)
  region size 1024K, 1 young (1024K), 1 survivors (1024K)
 Metaspace       used 35973K, committed 36160K, reserved 1114112K
  class space    used 4595K, committed 4672K, reserved 1048576K
}

